<?xml version="1.0" encoding="UTF-8"?>
<!-- Generated by org.testng.reporters.JUnitReportReporter -->
<testsuite hostname="LAPTOP-ONRAIVR5" failures="0" tests="1" name="playwright_basic.com.StartChrome" time="6.949" errors="0" timestamp="2024-09-11T21:40:51 BDT" skipped="0">
  <testcase classname="playwright_basic.com.StartChrome" name="URL" time="6.949"/>
</testsuite> <!-- playwright_basic.com.StartChrome -->
