<?xml version="1.0" encoding="UTF-8"?>
<!-- Generated by org.testng.reporters.JUnitReportReporter -->
<testsuite hostname="LAPTOP-ONRAIVR5" failures="0" tests="1" name="playwright_basic.com.StartFirefox" time="8.260" errors="0" timestamp="2024-09-11T22:23:11 BDT" skipped="0">
  <testcase classname="playwright_basic.com.StartFirefox" name="URL" time="8.260"/>
</testsuite> <!-- playwright_basic.com.StartFirefox -->
