<?xml version="1.0" encoding="UTF-8"?>
<!-- Generated by org.testng.reporters.JUnitReportReporter -->
<testsuite hostname="LAPTOP-ONRAIVR5" failures="0" tests="3" name="playwright_basic.com.LocatorExamples" time="5.334" errors="0" timestamp="2024-09-11T21:59:05 BDT" skipped="0">
  <testcase classname="playwright_basic.com.LocatorExamples" name="URL" time="3.247"/>
  <testcase classname="playwright_basic.com.LocatorExamples" name="locateById" time="2.065"/>
  <testcase classname="playwright_basic.com.LocatorExamples" name="locateByName" time="0.022"/>
</testsuite> <!-- playwright_basic.com.LocatorExamples -->
